<?xml version="1.0" encoding="UTF-8"?>
<testsuite name="com.thoughtworks.rslist.RsListApplicationTests" tests="11" skipped="0" failures="0" errors="0" timestamp="2020-08-14T07:24:58" hostname="LAPTOP-V4SB4DA1" time="0.997">
  <properties/>
  <testcase name="shouldGetOneList()" classname="com.thoughtworks.rslist.RsListApplicationTests" time="0.437"/>
  <testcase name="emailShouldBeVaild()" classname="com.thoughtworks.rslist.RsListApplicationTests" time="0.277"/>
  <testcase name="nameShouldNotLongerThan8()" classname="com.thoughtworks.rslist.RsListApplicationTests" time="0.03"/>
  <testcase name="ageShouldNotLessThan18()" classname="com.thoughtworks.rslist.RsListApplicationTests" time="0.034"/>
  <testcase name="shouldAddOnlyEventToListWhenUserExist()" classname="com.thoughtworks.rslist.RsListApplicationTests" time="0.083"/>
  <testcase name="ageShouldNotMoreThan100()" classname="com.thoughtworks.rslist.RsListApplicationTests" time="0.02"/>
  <testcase name="phoneNumberShouldBeVaild()" classname="com.thoughtworks.rslist.RsListApplicationTests" time="0.02"/>
  <testcase name="shouldGetRsEventFromTo()" classname="com.thoughtworks.rslist.RsListApplicationTests" time="0.01"/>
  <testcase name="genderShouldNotEmpty()" classname="com.thoughtworks.rslist.RsListApplicationTests" time="0.008"/>
  <testcase name="nameShouldNotEmpty()" classname="com.thoughtworks.rslist.RsListApplicationTests" time="0.007"/>
  <testcase name="phoneNumberShouldNotNull()" classname="com.thoughtworks.rslist.RsListApplicationTests" time="0.019"/>
  <system-out><![CDATA[15:24:53.673 [Test worker] DEBUG org.springframework.test.context.BootstrapUtils - Instantiating CacheAwareContextLoaderDelegate from class [org.springframework.test.context.cache.DefaultCacheAwareContextLoaderDelegate]
15:24:53.692 [Test worker] DEBUG org.springframework.test.context.BootstrapUtils - Instantiating BootstrapContext using constructor [public org.springframework.test.context.support.DefaultBootstrapContext(java.lang.Class,org.springframework.test.context.CacheAwareContextLoaderDelegate)]
15:24:53.728 [Test worker] DEBUG org.springframework.test.context.BootstrapUtils - Instantiating TestContextBootstrapper for test class [com.thoughtworks.rslist.RsListApplicationTests] from class [org.springframework.boot.test.context.SpringBootTestContextBootstrapper]
15:24:53.745 [Test worker] INFO org.springframework.boot.test.context.SpringBootTestContextBootstrapper - Neither @ContextConfiguration nor @ContextHierarchy found for test class [com.thoughtworks.rslist.RsListApplicationTests], using SpringBootContextLoader
15:24:53.750 [Test worker] DEBUG org.springframework.test.context.support.AbstractContextLoader - Did not detect default resource location for test class [com.thoughtworks.rslist.RsListApplicationTests]: class path resource [com/thoughtworks/rslist/RsListApplicationTests-context.xml] does not exist
15:24:53.750 [Test worker] DEBUG org.springframework.test.context.support.AbstractContextLoader - Did not detect default resource location for test class [com.thoughtworks.rslist.RsListApplicationTests]: class path resource [com/thoughtworks/rslist/RsListApplicationTestsContext.groovy] does not exist
15:24:53.751 [Test worker] INFO org.springframework.test.context.support.AbstractContextLoader - Could not detect default resource locations for test class [com.thoughtworks.rslist.RsListApplicationTests]: no resource found for suffixes {-context.xml, Context.groovy}.
15:24:53.753 [Test worker] INFO org.springframework.test.context.support.AnnotationConfigContextLoaderUtils - Could not detect default configuration classes for test class [com.thoughtworks.rslist.RsListApplicationTests]: RsListApplicationTests does not declare any static, non-private, non-final, nested classes annotated with @Configuration.
15:24:53.824 [Test worker] DEBUG org.springframework.test.context.support.ActiveProfilesUtils - Could not find an 'annotation declaring class' for annotation type [org.springframework.test.context.ActiveProfiles] and class [com.thoughtworks.rslist.RsListApplicationTests]
15:24:53.911 [Test worker] DEBUG org.springframework.context.annotation.ClassPathScanningCandidateComponentProvider - Identified candidate component class: file [E:\study\TWU\Quiz\all\SpringBoot\build\classes\java\main\com\thoughtworks\rslist\RsListApplication.class]
15:24:53.914 [Test worker] INFO org.springframework.boot.test.context.SpringBootTestContextBootstrapper - Found @SpringBootConfiguration com.thoughtworks.rslist.RsListApplication for test class com.thoughtworks.rslist.RsListApplicationTests
15:24:54.027 [Test worker] DEBUG org.springframework.boot.test.context.SpringBootTestContextBootstrapper - @TestExecutionListeners is not present for class [com.thoughtworks.rslist.RsListApplicationTests]: using defaults.
15:24:54.027 [Test worker] INFO org.springframework.boot.test.context.SpringBootTestContextBootstrapper - Loaded default TestExecutionListener class names from location [META-INF/spring.factories]: [org.springframework.boot.test.autoconfigure.restdocs.RestDocsTestExecutionListener, org.springframework.boot.test.autoconfigure.web.client.MockRestServiceServerResetTestExecutionListener, org.springframework.boot.test.autoconfigure.web.servlet.MockMvcPrintOnlyOnFailureTestExecutionListener, org.springframework.boot.test.autoconfigure.web.servlet.WebDriverTestExecutionListener, org.springframework.boot.test.mock.mockito.MockitoTestExecutionListener, org.springframework.boot.test.mock.mockito.ResetMocksTestExecutionListener, org.springframework.test.context.web.ServletTestExecutionListener, org.springframework.test.context.support.DirtiesContextBeforeModesTestExecutionListener, org.springframework.test.context.support.DependencyInjectionTestExecutionListener, org.springframework.test.context.support.DirtiesContextTestExecutionListener, org.springframework.test.context.transaction.TransactionalTestExecutionListener, org.springframework.test.context.jdbc.SqlScriptsTestExecutionListener, org.springframework.test.context.event.EventPublishingTestExecutionListener]
15:24:54.051 [Test worker] INFO org.springframework.boot.test.context.SpringBootTestContextBootstrapper - Using TestExecutionListeners: [org.springframework.test.context.web.ServletTestExecutionListener@1c42a7a3, org.springframework.test.context.support.DirtiesContextBeforeModesTestExecutionListener@3b3d8466, org.springframework.boot.test.mock.mockito.MockitoTestExecutionListener@37e2a32a, org.springframework.boot.test.autoconfigure.SpringBootDependencyInjectionTestExecutionListener@3c4bdbda, org.springframework.test.context.support.DirtiesContextTestExecutionListener@35bd1c4f, org.springframework.test.context.transaction.TransactionalTestExecutionListener@62f4a02a, org.springframework.test.context.jdbc.SqlScriptsTestExecutionListener@40adb4ad, org.springframework.test.context.event.EventPublishingTestExecutionListener@225a2269, org.springframework.boot.test.autoconfigure.restdocs.RestDocsTestExecutionListener@7f581d09, org.springframework.boot.test.autoconfigure.web.client.MockRestServiceServerResetTestExecutionListener@38ea1738, org.springframework.boot.test.autoconfigure.web.servlet.MockMvcPrintOnlyOnFailureTestExecutionListener@15cfc454, org.springframework.boot.test.autoconfigure.web.servlet.WebDriverTestExecutionListener@6675e5ee, org.springframework.boot.test.mock.mockito.ResetMocksTestExecutionListener@597a1c7c]
15:24:54.060 [Test worker] DEBUG org.springframework.test.context.support.AbstractDirtiesContextTestExecutionListener - Before test class: context [DefaultTestContext@4bcc982e testClass = RsListApplicationTests, testInstance = [null], testMethod = [null], testException = [null], mergedContextConfiguration = [WebMergedContextConfiguration@4dfc48f3 testClass = RsListApplicationTests, locations = '{}', classes = '{class com.thoughtworks.rslist.RsListApplication}', contextInitializerClasses = '[]', activeProfiles = '{}', propertySourceLocations = '{}', propertySourceProperties = '{org.springframework.boot.test.context.SpringBootTestContextBootstrapper=true}', contextCustomizers = set[org.springframework.boot.test.autoconfigure.properties.PropertyMappingContextCustomizer@4b3fa0b3, org.springframework.boot.test.autoconfigure.web.servlet.WebDriverContextCustomizerFactory$Customizer@46c56d59, [ImportsContextCustomizer@551742ec key = [org.springframework.boot.test.autoconfigure.web.servlet.MockMvcAutoConfiguration, org.springframework.boot.test.autoconfigure.web.servlet.MockMvcWebClientAutoConfiguration, org.springframework.boot.test.autoconfigure.web.servlet.MockMvcWebDriverAutoConfiguration, org.springframework.boot.autoconfigure.security.servlet.SecurityAutoConfiguration, org.springframework.boot.autoconfigure.security.servlet.UserDetailsServiceAutoConfiguration, org.springframework.boot.test.autoconfigure.web.servlet.MockMvcSecurityConfiguration]], org.springframework.boot.test.context.filter.ExcludeFilterContextCustomizer@45849556, org.springframework.boot.test.json.DuplicateJsonObjectContextCustomizerFactory$DuplicateJsonObjectContextCustomizer@6e417c0c, org.springframework.boot.test.mock.mockito.MockitoContextCustomizer@0, org.springframework.boot.test.web.client.TestRestTemplateContextCustomizer@89bc10f, org.springframework.boot.test.context.SpringBootTestArgs@1], resourceBasePath = 'src/main/webapp', contextLoader = 'org.springframework.boot.test.context.SpringBootContextLoader', parent = [null]], attributes = map['org.springframework.test.context.web.ServletTestExecutionListener.activateListener' -> true]], class annotated with @DirtiesContext [false] with mode [null].
15:24:54.106 [Test worker] DEBUG org.springframework.test.context.support.TestPropertySourceUtils - Adding inlined properties to environment: {spring.jmx.enabled=false, org.springframework.boot.test.context.SpringBootTestContextBootstrapper=true, server.port=-1}

  .   ____          _            __ _ _
 /\\ / ___'_ __ _ _(_)_ __  __ _ \ \ \ \
( ( )\___ | '_ | '_| | '_ \/ _` | \ \ \ \
 \\/  ___)| |_)| | | | | || (_| |  ) ) ) )
  '  |____| .__|_| |_|_| |_\__, | / / / /
 =========|_|==============|___/=/_/_/_/
 :: Spring Boot ::        (v2.2.7.RELEASE)

2020-08-14 15:24:54.561  INFO 8884 --- [    Test worker] c.t.rslist.RsListApplicationTests        : Starting RsListApplicationTests on LAPTOP-V4SB4DA1 with PID 8884 (started by 赵允齐 in E:\study\TWU\Quiz\all\SpringBoot)
2020-08-14 15:24:54.563  INFO 8884 --- [    Test worker] c.t.rslist.RsListApplicationTests        : No active profile set, falling back to default profiles: default
2020-08-14 15:24:55.525  INFO 8884 --- [    Test worker] .s.d.r.c.RepositoryConfigurationDelegate : Bootstrapping Spring Data JPA repositories in DEFAULT mode.
2020-08-14 15:24:55.598  INFO 8884 --- [    Test worker] .s.d.r.c.RepositoryConfigurationDelegate : Finished Spring Data repository scanning in 52ms. Found 0 JPA repository interfaces.
2020-08-14 15:24:56.299  INFO 8884 --- [    Test worker] com.zaxxer.hikari.HikariDataSource       : HikariPool-1 - Starting...
2020-08-14 15:24:56.606  INFO 8884 --- [    Test worker] com.zaxxer.hikari.HikariDataSource       : HikariPool-1 - Start completed.
2020-08-14 15:24:56.701  INFO 8884 --- [    Test worker] o.hibernate.jpa.internal.util.LogHelper  : HHH000204: Processing PersistenceUnitInfo [name: default]
2020-08-14 15:24:56.766  INFO 8884 --- [    Test worker] org.hibernate.Version                    : HHH000412: Hibernate ORM core version 5.4.15.Final
2020-08-14 15:24:56.952  INFO 8884 --- [    Test worker] o.hibernate.annotations.common.Version   : HCANN000001: Hibernate Commons Annotations {5.1.0.Final}
2020-08-14 15:24:57.156  INFO 8884 --- [    Test worker] org.hibernate.dialect.Dialect            : HHH000400: Using dialect: org.hibernate.dialect.H2Dialect
2020-08-14 15:24:57.447  INFO 8884 --- [    Test worker] o.h.e.t.j.p.i.JtaPlatformInitiator       : HHH000490: Using JtaPlatform implementation: [org.hibernate.engine.transaction.jta.platform.internal.NoJtaPlatform]
2020-08-14 15:24:57.457  INFO 8884 --- [    Test worker] j.LocalContainerEntityManagerFactoryBean : Initialized JPA EntityManagerFactory for persistence unit 'default'
2020-08-14 15:24:57.854  WARN 8884 --- [    Test worker] JpaBaseConfiguration$JpaWebConfiguration : spring.jpa.open-in-view is enabled by default. Therefore, database queries may be performed during view rendering. Explicitly configure spring.jpa.open-in-view to disable this warning
2020-08-14 15:24:58.275  INFO 8884 --- [    Test worker] o.s.s.concurrent.ThreadPoolTaskExecutor  : Initializing ExecutorService 'applicationTaskExecutor'
2020-08-14 15:24:58.729  INFO 8884 --- [    Test worker] o.s.b.t.m.w.SpringBootMockServletContext : Initializing Spring TestDispatcherServlet ''
2020-08-14 15:24:58.729  INFO 8884 --- [    Test worker] o.s.t.web.servlet.TestDispatcherServlet  : Initializing Servlet ''
2020-08-14 15:24:58.746  INFO 8884 --- [    Test worker] o.s.t.web.servlet.TestDispatcherServlet  : Completed initialization in 17 ms
2020-08-14 15:24:58.771  INFO 8884 --- [    Test worker] c.t.rslist.RsListApplicationTests        : Started RsListApplicationTests in 4.654 seconds (JVM running for 7.077)
2020-08-14 15:24:59.521  WARN 8884 --- [    Test worker] .w.s.m.s.DefaultHandlerExceptionResolver : Resolved [org.springframework.web.bind.MethodArgumentNotValidException: Validation failed for argument [0] in public org.springframework.http.ResponseEntity com.thoughtworks.rslist.api.RsController.addOneEventToList(com.thoughtworks.rslist.dominate.RsEvent): [Field error in object 'rsEvent' on field 'user.email': rejected value [xiaowang]; codes [Email.rsEvent.user.email,Email.user.email,Email.email,Email.java.lang.String,Email]; arguments [org.springframework.context.support.DefaultMessageSourceResolvable: codes [rsEvent.user.email,user.email]; arguments []; default message [user.email],[Ljavax.validation.constraints.Pattern$Flag;@1dbc3eba,.*]; default message [must be a well-formed email address]] ]
2020-08-14 15:24:59.560  WARN 8884 --- [    Test worker] .w.s.m.s.DefaultHandlerExceptionResolver : Resolved [org.springframework.web.bind.MethodArgumentNotValidException: Validation failed for argument [0] in public org.springframework.http.ResponseEntity com.thoughtworks.rslist.api.RsController.addOneEventToList(com.thoughtworks.rslist.dominate.RsEvent): [Field error in object 'rsEvent' on field 'user.userName': rejected value [xiaozhang]; codes [Size.rsEvent.user.userName,Size.user.userName,Size.userName,Size.java.lang.String,Size]; arguments [org.springframework.context.support.DefaultMessageSourceResolvable: codes [rsEvent.user.userName,user.userName]; arguments []; default message [user.userName],8,0]; default message [size must be between 0 and 8]] ]
2020-08-14 15:24:59.594  WARN 8884 --- [    Test worker] .w.s.m.s.DefaultHandlerExceptionResolver : Resolved [org.springframework.web.bind.MethodArgumentNotValidException: Validation failed for argument [0] in public org.springframework.http.ResponseEntity com.thoughtworks.rslist.api.RsController.addOneEventToList(com.thoughtworks.rslist.dominate.RsEvent): [Field error in object 'rsEvent' on field 'user.age': rejected value [15]; codes [Min.rsEvent.user.age,Min.user.age,Min.age,Min.int,Min]; arguments [org.springframework.context.support.DefaultMessageSourceResolvable: codes [rsEvent.user.age,user.age]; arguments []; default message [user.age],18]; default message [must be greater than or equal to 18]] ]
2020-08-14 15:24:59.714  WARN 8884 --- [    Test worker] .w.s.m.s.DefaultHandlerExceptionResolver : Resolved [org.springframework.web.bind.MethodArgumentNotValidException: Validation failed for argument [0] in public org.springframework.http.ResponseEntity com.thoughtworks.rslist.api.RsController.addOneEventToList(com.thoughtworks.rslist.dominate.RsEvent): [Field error in object 'rsEvent' on field 'user.age': rejected value [120]; codes [Max.rsEvent.user.age,Max.user.age,Max.age,Max.int,Max]; arguments [org.springframework.context.support.DefaultMessageSourceResolvable: codes [rsEvent.user.age,user.age]; arguments []; default message [user.age],100]; default message [must be less than or equal to 100]] ]
2020-08-14 15:24:59.743  WARN 8884 --- [    Test worker] .w.s.m.s.DefaultHandlerExceptionResolver : Resolved [org.springframework.web.bind.MethodArgumentNotValidException: Validation failed for argument [0] in public org.springframework.http.ResponseEntity com.thoughtworks.rslist.api.RsController.addOneEventToList(com.thoughtworks.rslist.dominate.RsEvent): [Field error in object 'rsEvent' on field 'user.phoneNumber': rejected value [189123412]; codes [Pattern.rsEvent.user.phoneNumber,Pattern.user.phoneNumber,Pattern.phoneNumber,Pattern.java.lang.String,Pattern]; arguments [org.springframework.context.support.DefaultMessageSourceResolvable: codes [rsEvent.user.phoneNumber,user.phoneNumber]; arguments []; default message [user.phoneNumber],[Ljavax.validation.constraints.Pattern$Flag;@7b58cf15,1\d{10}]; default message [must match "1\d{10}"]] ]
2020-08-14 15:24:59.768  WARN 8884 --- [    Test worker] .w.s.m.s.DefaultHandlerExceptionResolver : Resolved [org.springframework.web.bind.MethodArgumentNotValidException: Validation failed for argument [0] in public org.springframework.http.ResponseEntity com.thoughtworks.rslist.api.RsController.addOneEventToList(com.thoughtworks.rslist.dominate.RsEvent): [Field error in object 'rsEvent' on field 'user.gender': rejected value [null]; codes [NotNull.rsEvent.user.gender,NotNull.user.gender,NotNull.gender,NotNull.java.lang.String,NotNull]; arguments [org.springframework.context.support.DefaultMessageSourceResolvable: codes [rsEvent.user.gender,user.gender]; arguments []; default message [user.gender]]; default message [must not be null]] ]
2020-08-14 15:24:59.776  WARN 8884 --- [    Test worker] .w.s.m.s.DefaultHandlerExceptionResolver : Resolved [org.springframework.web.bind.MethodArgumentNotValidException: Validation failed for argument [0] in public org.springframework.http.ResponseEntity com.thoughtworks.rslist.api.RsController.addOneEventToList(com.thoughtworks.rslist.dominate.RsEvent): [Field error in object 'rsEvent' on field 'user.userName': rejected value [null]; codes [NotNull.rsEvent.user.userName,NotNull.user.userName,NotNull.userName,NotNull.java.lang.String,NotNull]; arguments [org.springframework.context.support.DefaultMessageSourceResolvable: codes [rsEvent.user.userName,user.userName]; arguments []; default message [user.userName]]; default message [must not be null]] ]
2020-08-14 15:24:59.796  WARN 8884 --- [    Test worker] .w.s.m.s.DefaultHandlerExceptionResolver : Resolved [org.springframework.web.bind.MethodArgumentNotValidException: Validation failed for argument [0] in public org.springframework.http.ResponseEntity com.thoughtworks.rslist.api.RsController.addOneEventToList(com.thoughtworks.rslist.dominate.RsEvent): [Field error in object 'rsEvent' on field 'user.phoneNumber': rejected value [null]; codes [NotNull.rsEvent.user.phoneNumber,NotNull.user.phoneNumber,NotNull.phoneNumber,NotNull.java.lang.String,NotNull]; arguments [org.springframework.context.support.DefaultMessageSourceResolvable: codes [rsEvent.user.phoneNumber,user.phoneNumber]; arguments []; default message [user.phoneNumber]]; default message [must not be null]] ]
]]></system-out>
  <system-err><![CDATA[]]></system-err>
</testsuite>
